[0m[[0m[0mdebug[0m] [0m[0m> Exec(compile, None, None)[0m
[0m[[0m[0mdebug[0m] [0m[0mEvaluating tasks: Compile / compile[0m
[0m[[0m[0mdebug[0m] [0m[0mRunning task... Cancel: Signal, check cycles: false, forcegc: true[0m
[0m[[0m[0minfo[0m] [0m[0mcompiling 1 Scala source to /Users/rajesh/work/assignment/target/scala-2.13/classes ...[0m
[0m[[0m[31merror[0m] [0m[0m/Users/rajesh/work/assignment/src/main/scala/WebServer.scala:16:7: not found: value get[0m
[0m[[0m[31merror[0m] [0m[0m      get {[0m
[0m[[0m[31merror[0m] [0m[0m      ^[0m
[0m[[0m[31merror[0m] [0m[0m/Users/rajesh/work/assignment/src/main/scala/WebServer.scala:22:68: recursive value routes needs type[0m
[0m[[0m[31merror[0m] [0m[0m    val serverFuture: Future[ServerBinding] = Http().bindAndHandle(routes, "localhost", port)[0m
[0m[[0m[31merror[0m] [0m[0m                                                                   ^[0m
[0m[[0m[31merror[0m] [0m[0m/Users/rajesh/work/assignment/src/main/scala/WebServer.scala:23:43: not found: value port[0m
[0m[[0m[31merror[0m] [0m[0m    println(s"Server is online at port = $port, PRESS ENTER TO EXIT")[0m
[0m[[0m[31merror[0m] [0m[0m                                          ^[0m
[0m[[0m[31merror[0m] [0m[0m/Users/rajesh/work/assignment/src/main/scala/WebServer.scala:25:5: not found: value serverFuture[0m
[0m[[0m[31merror[0m] [0m[0m    serverFuture.flatMap(_.unbind()).onComplete(_ => system.terminate())[0m
[0m[[0m[31merror[0m] [0m[0m    ^[0m
[0m[[0m[31merror[0m] [0m[0mfour errors found[0m
[0m[[0m[31merror[0m] [0m[0m(Compile / [31mcompileIncremental[0m) Compilation failed[0m
[0m[[0m[31merror[0m] [0m[0mTotal time: 1 s, completed 17 Mar, 2021 2:12:44 PM[0m
[0m[[0m[0mdebug[0m] [0m[0m> Exec(idea-shell, None, None)[0m
